\BOOKMARK [0][-]{chapter.1}{Introdu\347\343o}{}% 1
\BOOKMARK [1][-]{section.1.1}{Motiva\347\343o e Justificativa}{chapter.1}% 2
\BOOKMARK [1][-]{section.1.2}{Objetivos do Projeto}{chapter.1}% 3
\BOOKMARK [1][-]{section.1.3}{Local de Realiza\347\343o}{chapter.1}% 4
\BOOKMARK [1][-]{section.1.4}{Estrutura da Monografia}{chapter.1}% 5
\BOOKMARK [0][-]{chapter.2}{Revis\343o Liter\341ria}{}% 6
\BOOKMARK [1][-]{section.2.1}{Processo de Software}{chapter.2}% 7
\BOOKMARK [2][-]{subsection.2.1.1}{Modelo em Cascata}{section.2.1}% 8
\BOOKMARK [2][-]{subsection.2.1.2}{Desenvolvimento \301gil}{section.2.1}% 9
\BOOKMARK [1][-]{section.2.2}{Arquitetura de Software}{chapter.2}% 10
\BOOKMARK [2][-]{subsection.2.2.1}{Modelagem orientada a Dados}{section.2.2}% 11
\BOOKMARK [2][-]{subsection.2.2.2}{Arquitetura em Camadas}{section.2.2}% 12
\BOOKMARK [2][-]{subsection.2.2.3}{Orienta\347\343o a Objetos}{section.2.2}% 13
\BOOKMARK [2][-]{subsection.2.2.4}{Modelo Relacional de Banco de Dados}{section.2.2}% 14
\BOOKMARK [0][-]{chapter.3}{Metodologia}{}% 15
\BOOKMARK [1][-]{section.3.1}{Descri\347\343o de Componentes}{chapter.3}% 16
\BOOKMARK [2][-]{subsection.3.1.1}{Software}{section.3.1}% 17
\BOOKMARK [2][-]{subsection.3.1.2}{Estrutura Existente}{section.3.1}% 18
\BOOKMARK [2][-]{subsection.3.1.3}{Hardware}{section.3.1}% 19
\BOOKMARK [1][-]{section.3.2}{T\351cnica 1}{chapter.3}% 20
\BOOKMARK [1][-]{section.3.3}{Resumo do Cap\355tulo}{chapter.3}% 21
\BOOKMARK [0][-]{section.3.3}{Refer\352ncias Bibliogr\341ficas}{}% 22
