This is pdfTeX, Version 3.14159265-2.6-1.40.21 (MiKTeX 2.9.7300 64-bit) (preloaded format=pdflatex 2020.3.4)  2 NOV 2020 10:15
entering extended mode
**./Monografia.tex
(Monografia.tex
LaTeX2e <2020-02-02> patch level 2
L3 programming layer <2020-02-14>
("C:\Users\felipe.ribeiro\AppData\Local\Programs\MiKTeX 2.9\tex/latex/base\book
.cls"
Document Class: book 2019/12/20 v1.4l Standard LaTeX document class

("C:\Users\felipe.ribeiro\AppData\Local\Programs\MiKTeX 2.9\tex/latex/base\bk12
.clo"
File: bk12.clo 2019/12/20 v1.4l Standard LaTeX file (size option)
)
\c@part=\count167
\c@chapter=\count168
\c@section=\count169
\c@subsection=\count170
\c@subsubsection=\count171
\c@paragraph=\count172
\c@subparagraph=\count173
\c@figure=\count174
\c@table=\count175
\abovecaptionskip=\skip47
\belowcaptionskip=\skip48
\bibindent=\dimen134
)
("C:\Users\felipe.ribeiro\AppData\Local\Programs\MiKTeX 2.9\tex/latex/psnfss\ti
mes.sty"
Package: times 2005/04/12 PSNFSS-v9.2a (SPQR) 
)
("C:\Users\felipe.ribeiro\AppData\Local\Programs\MiKTeX 2.9\tex/latex/graphics\
graphicx.sty"
Package: graphicx 2019/11/30 v1.2a Enhanced LaTeX Graphics (DPC,SPQR)

("C:\Users\felipe.ribeiro\AppData\Local\Programs\MiKTeX 2.9\tex/latex/graphics\
keyval.sty"
Package: keyval 2014/10/28 v1.15 key=value parser (DPC)
\KV@toks@=\toks14
)
("C:\Users\felipe.ribeiro\AppData\Local\Programs\MiKTeX 2.9\tex/latex/graphics\
graphics.sty"
Package: graphics 2019/11/30 v1.4a Standard LaTeX Graphics (DPC,SPQR)

("C:\Users\felipe.ribeiro\AppData\Local\Programs\MiKTeX 2.9\tex/latex/graphics\
trig.sty"
Package: trig 2016/01/03 v1.10 sin cos tan (DPC)
)
("C:\Users\felipe.ribeiro\AppData\Local\Programs\MiKTeX 2.9\tex/latex/graphics-
cfg\graphics.cfg"
File: graphics.cfg 2016/06/04 v1.11 sample graphics configuration
)
Package graphics Info: Driver file: pdftex.def on input line 105.

("C:\Users\felipe.ribeiro\AppData\Local\Programs\MiKTeX 2.9\tex/latex/graphics-
def\pdftex.def"
File: pdftex.def 2018/01/08 v1.0l Graphics/color driver for pdftex
))
\Gin@req@height=\dimen135
\Gin@req@width=\dimen136
)
("C:\Users\felipe.ribeiro\AppData\Local\Programs\MiKTeX 2.9\tex/latex/base\inpu
tenc.sty"
Package: inputenc 2018/08/11 v1.3c Input encoding file
\inpenc@prehook=\toks15
\inpenc@posthook=\toks16

("C:\Users\felipe.ribeiro\AppData\Local\Programs\MiKTeX 2.9\tex/latex/base\lati
n1.def"
File: latin1.def 2018/08/11 v1.3c Input encoding file
))
("C:\Users\felipe.ribeiro\AppData\Local\Programs\MiKTeX 2.9\tex/generic/babel\b
abel.sty"
Package: babel 2020/02/14 3.40 The Babel package

("C:\Users\felipe.ribeiro\AppData\Local\Programs\MiKTeX 2.9\tex/generic/babel\s
witch.def"
File: switch.def 2020/02/14 3.40 Babel switching mechanism
)
*************************************
* Local config file bblopts.cfg used
*

("C:\Users\felipe.ribeiro\AppData\Local\Programs\MiKTeX 2.9\tex/latex/arabi\bbl
opts.cfg"
File: bblopts.cfg 2005/09/08 v0.1 add Arabic and Farsi to "declared" options of
 babel
)
("C:\Users\felipe.ribeiro\AppData\Local\Programs\MiKTeX 2.9\tex/latex/babel-por
tuges\portuges.ldf"
Language: portuges 2008/03/18 v1.2q Portuguese support from the babel system

("C:\Users\felipe.ribeiro\AppData\Local\Programs\MiKTeX 2.9\tex/generic/babel\b
abel.def"
File: babel.def 2020/02/14 3.40 Babel common definitions
\babel@savecnt=\count176
\U@D=\dimen137

("C:\Users\felipe.ribeiro\AppData\Local\Programs\MiKTeX 2.9\tex/generic/babel\t
xtbabel.def")
\bbl@readstream=\read2
\bbl@dirlevel=\count177
)
Package babel Info: \l@brazil = using hyphenrules for portuguese
(babel)             (\language55) on input line 113.
Package babel Info: Making " an active character on input line 145.
))
("C:\Users\felipe.ribeiro\AppData\Local\Programs\MiKTeX 2.9\tex/latex/base\font
enc.sty"
Package: fontenc 2020/02/11 v2.0o Standard LaTeX package
LaTeX Font Info:    Trying to load font information for T1+ptm on input line 11
2.

("C:\Users\felipe.ribeiro\AppData\Local\Programs\MiKTeX 2.9\tex/latex/psnfss\t1
ptm.fd"
File: t1ptm.fd 2001/06/04 font definitions for T1/ptm.
))
("C:\Users\felipe.ribeiro\AppData\Local\Programs\MiKTeX 2.9\tex/latex/amsmath\a
msmath.sty"
Package: amsmath 2020/01/20 v2.17e AMS math features
\@mathmargin=\skip49

For additional information on amsmath, use the `?' option.

("C:\Users\felipe.ribeiro\AppData\Local\Programs\MiKTeX 2.9\tex/latex/amsmath\a
mstext.sty"
Package: amstext 2000/06/29 v2.01 AMS text

("C:\Users\felipe.ribeiro\AppData\Local\Programs\MiKTeX 2.9\tex/latex/amsmath\a
msgen.sty"
File: amsgen.sty 1999/11/30 v2.0 generic functions
\@emptytoks=\toks17
\ex@=\dimen138
))
("C:\Users\felipe.ribeiro\AppData\Local\Programs\MiKTeX 2.9\tex/latex/amsmath\a
msbsy.sty"
Package: amsbsy 1999/11/29 v1.2d Bold Symbols
\pmbraise@=\dimen139
)
("C:\Users\felipe.ribeiro\AppData\Local\Programs\MiKTeX 2.9\tex/latex/amsmath\a
msopn.sty"
Package: amsopn 2016/03/08 v2.02 operator names
)
\inf@bad=\count178
LaTeX Info: Redefining \frac on input line 227.
\uproot@=\count179
\leftroot@=\count180
LaTeX Info: Redefining \overline on input line 389.
\classnum@=\count181
\DOTSCASE@=\count182
LaTeX Info: Redefining \ldots on input line 486.
LaTeX Info: Redefining \dots on input line 489.
LaTeX Info: Redefining \cdots on input line 610.
\Mathstrutbox@=\box45
\strutbox@=\box46
\big@size=\dimen140
LaTeX Font Info:    Redeclaring font encoding OML on input line 733.
LaTeX Font Info:    Redeclaring font encoding OMS on input line 734.
\macc@depth=\count183
\c@MaxMatrixCols=\count184
\dotsspace@=\muskip16
\c@parentequation=\count185
\dspbrk@lvl=\count186
\tag@help=\toks18
\row@=\count187
\column@=\count188
\maxfields@=\count189
\andhelp@=\toks19
\eqnshift@=\dimen141
\alignsep@=\dimen142
\tagshift@=\dimen143
\tagwidth@=\dimen144
\totwidth@=\dimen145
\lineht@=\dimen146
\@envbody=\toks20
\multlinegap=\skip50
\multlinetaggap=\skip51
\mathdisplay@stack=\toks21
LaTeX Info: Redefining \[ on input line 2859.
LaTeX Info: Redefining \] on input line 2860.
)
("C:\Users\felipe.ribeiro\AppData\Local\Programs\MiKTeX 2.9\tex/latex/amscls\am
sthm.sty"
Package: amsthm 2017/10/31 v2.20.4
\thm@style=\toks22
\thm@bodyfont=\toks23
\thm@headfont=\toks24
\thm@notefont=\toks25
\thm@headpunct=\toks26
\thm@preskip=\skip52
\thm@postskip=\skip53
\thm@headsep=\skip54
\dth@everypar=\toks27
)
("C:\Users\felipe.ribeiro\AppData\Local\Programs\MiKTeX 2.9\tex/latex/amsfonts\
amsfonts.sty"
Package: amsfonts 2013/01/14 v3.01 Basic AMSFonts support
\symAMSa=\mathgroup4
\symAMSb=\mathgroup5
LaTeX Font Info:    Redeclaring math symbol \hbar on input line 98.
LaTeX Font Info:    Overwriting math alphabet `\mathfrak' in version `bold'
(Font)                  U/euf/m/n --> U/euf/b/n on input line 106.
)
("C:\Users\felipe.ribeiro\AppData\Local\Programs\MiKTeX 2.9\tex/latex/graphics\
color.sty"
Package: color 2019/11/23 v1.2a Standard LaTeX Color (DPC)

("C:\Users\felipe.ribeiro\AppData\Local\Programs\MiKTeX 2.9\tex/latex/graphics-
cfg\color.cfg"
File: color.cfg 2016/01/02 v1.6 sample color configuration
)
Package color Info: Driver file: pdftex.def on input line 147.
)
("C:\Users\felipe.ribeiro\AppData\Local\Programs\MiKTeX 2.9\tex/latex/natbib\na
tbib.sty"
Package: natbib 2010/09/13 8.31b (PWD, AO)
\bibhang=\skip55
\bibsep=\skip56
LaTeX Info: Redefining \cite on input line 694.
\c@NAT@ctr=\count190
) (abntex2abrev.sty
("C:\Users\felipe.ribeiro\AppData\Local\Programs\MiKTeX 2.9\tex/latex/base\ifth
en.sty"
Package: ifthen 2014/09/29 v1.1c Standard LaTeX ifthen package (DPC)
))
("C:\Users\felipe.ribeiro\AppData\Local\Programs\MiKTeX 2.9\tex/latex/url\url.s
ty"
\Urlmuskip=\muskip17
Package: url 2013/09/16  ver 3.4  Verb mode for urls, etc.
)
("C:\Users\felipe.ribeiro\AppData\Local\Programs\MiKTeX 2.9\tex/latex/geometry\
geometry.sty"
Package: geometry 2020/01/02 v5.9 Page Geometry

("C:\Users\felipe.ribeiro\AppData\Local\Programs\MiKTeX 2.9\tex/generic/iftex\i
fvtex.sty"
Package: ifvtex 2019/10/25 v1.7 ifvtex legacy package. Use iftex instead.

("C:\Users\felipe.ribeiro\AppData\Local\Programs\MiKTeX 2.9\tex/generic/iftex\i
ftex.sty"
Package: iftex 2019/11/07 v1.0c TeX engine tests
))
\Gm@cnth=\count191
\Gm@cntv=\count192
\c@Gm@tempcnt=\count193
\Gm@bindingoffset=\dimen147
\Gm@wd@mp=\dimen148
\Gm@odd@mp=\dimen149
\Gm@even@mp=\dimen150
\Gm@layoutwidth=\dimen151
\Gm@layoutheight=\dimen152
\Gm@layouthoffset=\dimen153
\Gm@layoutvoffset=\dimen154
\Gm@dimlist=\toks28

("C:\Users\felipe.ribeiro\AppData\Local\Programs\MiKTeX 2.9\tex/latex/geometry\
geometry.cfg"))
\@indexfile=\write3
\openout3 = `Monografia.idx'.


Writing index file Monografia.idx

("C:\Users\felipe.ribeiro\AppData\Local\Programs\MiKTeX 2.9\tex/latex/l3backend
\l3backend-pdfmode.def"
File: l3backend-pdfmode.def 2020-02-03 L3 backend support: PDF mode
\l__kernel_color_stack_int=\count194
\l__pdf_internal_box=\box47
) (Monografia.aux (Capa/capa.aux)
(TabelaConteudo/TabelaConteudo.aux) (Introducao/Introducao.aux)
(RevisaoBibliografica/RevisaoBibliografica.aux) (Metodologia/Metodologia.aux))
\openout1 = `Monografia.aux'.

LaTeX Font Info:    Checking defaults for OML/cmm/m/it on input line 42.
LaTeX Font Info:    ... okay on input line 42.
LaTeX Font Info:    Checking defaults for OMS/cmsy/m/n on input line 42.
LaTeX Font Info:    ... okay on input line 42.
LaTeX Font Info:    Checking defaults for OT1/cmr/m/n on input line 42.
LaTeX Font Info:    ... okay on input line 42.
LaTeX Font Info:    Checking defaults for T1/cmr/m/n on input line 42.
LaTeX Font Info:    ... okay on input line 42.
LaTeX Font Info:    Checking defaults for TS1/cmr/m/n on input line 42.
LaTeX Font Info:    ... okay on input line 42.
LaTeX Font Info:    Checking defaults for OMX/cmex/m/n on input line 42.
LaTeX Font Info:    ... okay on input line 42.
LaTeX Font Info:    Checking defaults for U/cmr/m/n on input line 42.
LaTeX Font Info:    ... okay on input line 42.

("C:\Users\felipe.ribeiro\AppData\Local\Programs\MiKTeX 2.9\tex/context/base/mk
ii\supp-pdf.mkii"
[Loading MPS to PDF converter (version 2006.09.02).]
\scratchcounter=\count195
\scratchdimen=\dimen155
\scratchbox=\box48
\nofMPsegments=\count196
\nofMParguments=\count197
\everyMPshowfont=\toks29
\MPscratchCnt=\count198
\MPscratchDim=\dimen156
\MPnumerator=\count199
\makeMPintoPDFobject=\count266
\everyMPtoPDFconversion=\toks30
)
("C:\Users\felipe.ribeiro\AppData\Local\Programs\MiKTeX 2.9\tex/latex/epstopdf-
pkg\epstopdf-base.sty"
Package: epstopdf-base 2020-01-24 v2.11 Base part for package epstopdf
Package epstopdf-base Info: Redefining graphics rule for `.eps' on input line 4
85.
)
*geometry* driver: auto-detecting
*geometry* detected driver: pdftex
*geometry* verbose mode - [ preamble ] result:
* driver: pdftex
* paper: a4paper
* layout: <same size as paper>
* layoutoffset:(h,v)=(0.0pt,0.0pt)
* modes: twoside 
* h-part:(L,W,R)=(85.35826pt, 441.01773pt, 71.13188pt)
* v-part:(T,H,B)=(85.35826pt, 674.33032pt, 85.35826pt)
* \paperwidth=597.50787pt
* \paperheight=845.04684pt
* \textwidth=441.01773pt
* \textheight=674.33032pt
* \oddsidemargin=13.08827pt
* \evensidemargin=-1.1381pt
* \topmargin=-23.90028pt
* \headheight=19.91692pt
* \headsep=17.07164pt
* \topskip=12.0pt
* \footskip=19.91692pt
* \marginparwidth=88.0pt
* \marginparsep=7.0pt
* \columnsep=10.0pt
* \skip\footins=10.8pt plus 4.0pt minus 2.0pt
* \hoffset=0.0pt
* \voffset=0.0pt
* \mag=1000
* \@twocolumnfalse
* \@twosidetrue
* \@mparswitchtrue
* \@reversemarginfalse
* (1in=72.27pt=25.4mm, 1cm=28.453pt)

\openout2 = `Capa/capa.aux'.

(Capa/capa.tex [1



{C:/Users/felipe.ribeiro/AppData/Local/MiKTeX/2.9/pdftex/config/pdftex.map}] [2


]
LaTeX Font Info:    Trying to load font information for U+msa on input line 51.


("C:\Users\felipe.ribeiro\AppData\Local\Programs\MiKTeX 2.9\tex/latex/amsfonts\
umsa.fd"
File: umsa.fd 2013/01/14 v3.01 AMS symbols A
)
LaTeX Font Info:    Trying to load font information for U+msb on input line 51.


("C:\Users\felipe.ribeiro\AppData\Local\Programs\MiKTeX 2.9\tex/latex/amsfonts\
umsb.fd"
File: umsb.fd 2013/01/14 v3.01 AMS symbols B
) [1] [2


])
\openout2 = `TabelaConteudo/TabelaConteudo.aux'.

 (TabelaConteudo/TabelaConteudo.tex (Monografia.toc)
\tf@toc=\write4
\openout4 = `Monografia.toc'.

 [1



])
\openout2 = `Introducao/Introducao.aux'.


(Introducao/Introducao.tex
Cap\'{\i }tulo 1.
[1




]
LaTeX Font Info:    Trying to load font information for TS1+ptm on input line 4
3.

("C:\Users\felipe.ribeiro\AppData\Local\Programs\MiKTeX 2.9\tex/latex/psnfss\ts
1ptm.fd"
File: ts1ptm.fd 2001/06/04 font definitions for TS1/ptm.
)) [2] [3]
\openout2 = `RevisaoBibliografica/RevisaoBibliografica.aux'.

 (RevisaoBibliografica/RevisaoBibliografica.tex [4



]
Cap\'{\i }tulo 2.
[5]
<RevisaoBibliografica/Images/MetodosAgeis.png, id=37, 352.31625pt x 133.49875pt
>
File: RevisaoBibliografica/Images/MetodosAgeis.png Graphic file (type png)
<use RevisaoBibliografica/Images/MetodosAgeis.png>
Package pdftex.def Info: RevisaoBibliografica/Images/MetodosAgeis.png  used on 
input line 38.
(pdftex.def)             Requested size: 220.50887pt x 83.55464pt.
 [6 <./RevisaoBibliografica/Images/MetodosAgeis.png>]
<RevisaoBibliografica/Images/modelSeq.png, id=43, 553.06625pt x 231.86626pt>
File: RevisaoBibliografica/Images/modelSeq.png Graphic file (type png)
<use RevisaoBibliografica/Images/modelSeq.png>
Package pdftex.def Info: RevisaoBibliografica/Images/modelSeq.png  used on inpu
t line 58.
(pdftex.def)             Requested size: 330.76329pt x 138.66795pt.
<RevisaoBibliografica/Images/ArqCamadas.png, id=44, 241.90375pt x 322.20375pt>
File: RevisaoBibliografica/Images/ArqCamadas.png Graphic file (type png)
<use RevisaoBibliografica/Images/ArqCamadas.png>
Package pdftex.def Info: RevisaoBibliografica/Images/ArqCamadas.png  used on in
put line 69.
(pdftex.def)             Requested size: 176.40439pt x 234.97078pt.
 [7 <./RevisaoBibliografica/Images/modelSeq.png> <./RevisaoBibliografica/Images
/ArqCamadas.png>]
[8])
\openout2 = `Metodologia/Metodologia.aux'.

 (Metodologia/Metodologia.tex
Cap\'{\i }tulo 3.
[9




]
<Metodologia/Figuras/arquitetura-omo.png, id=59, 791.95876pt x 737.75626pt>
File: Metodologia/Figuras/arquitetura-omo.png Graphic file (type png)
<use Metodologia/Figuras/arquitetura-omo.png>
Package pdftex.def Info: Metodologia/Figuras/arquitetura-omo.png  used on input
 line 34.
(pdftex.def)             Requested size: 284.52756pt x 265.0517pt.
 [10 <./Metodologia/Figuras/arquitetura-omo.png>] [11] [12]) (Monografia.bbl

LaTeX Warning: Command \b invalid in math mode on input line 61.


Underfull \hbox (badness 6910) in paragraph at lines 64--68
[]\T1/ptm/m/n/10.95 A. G.  Hos-pe-da-gem Cloud, 2019.  URL $https : / / www . h
ostinger . com . br / tutoriais /
 []


LaTeX Warning: Command \b invalid in math mode on input line 72.

) [13



] (Monografia.aux (Capa/capa.aux) (TabelaConteudo/TabelaConteudo.aux)
(Introducao/Introducao.aux) (RevisaoBibliografica/RevisaoBibliografica.aux)
(Metodologia/Metodologia.aux)) ) 
Here is how much of TeX's memory you used:
 4171 strings out of 481556
 61261 string characters out of 2909658
 312876 words of memory out of 3000000
 19277 multiletter control sequences out of 15000+200000
 569994 words of font info for 71 fonts, out of 3000000 for 9000
 1141 hyphenation exceptions out of 8191
 30i,9n,30p,808b,344s stack positions out of 5000i,500n,10000p,200000b,50000s
{C:/Users/felipe.ribeiro/AppData/Local/Programs
/MiKTeX 2.9/fonts/enc/dvips/base/8r.enc}<C:/Users/felipe.ribeiro/AppData/Local/
Programs/MiKTeX 2.9/fonts/type1/public/amsfonts/cm/cmmi12.pfb><C:/Users/felipe.
ribeiro/AppData/Local/Programs/MiKTeX 2.9/fonts/type1/public/amsfonts/cm/cmr10.
pfb><C:/Users/felipe.ribeiro/AppData/Local/Programs/MiKTeX 2.9/fonts/type1/publ
ic/amsfonts/cm/cmr12.pfb><C:/Users/felipe.ribeiro/AppData/Local/Programs/MiKTeX
 2.9/fonts/type1/urw/times/utmb8a.pfb><C:/Users/felipe.ribeiro/AppData/Local/Pr
ograms/MiKTeX 2.9/fonts/type1/urw/times/utmr8a.pfb><C:/Users/felipe.ribeiro/App
Data/Local/Programs/MiKTeX 2.9/fonts/type1/urw/times/utmr8a.pfb><C:/Users/felip
e.ribeiro/AppData/Local/Programs/MiKTeX 2.9/fonts/type1/urw/times/utmri8a.pfb>
Output written on Monografia.pdf (18 pages, 219059 bytes).
PDF statistics:
 98 PDF objects out of 1000 (max. 8388607)
 0 named destinations out of 1000 (max. 500000)
 21 words of extra memory for PDF output out of 10000 (max. 10000000)

